# JRE version: OpenJDK Runtime Environment (17.0.2+8) (build 17.0.2+8-86)
# Java VM: OpenJDK 64-Bit Server VM (17.0.2+8-86, mixed mode, sharing, tiered, compressed oops, compressed class ptrs, g1 gc, bsd-aarch64)
GC Precious Log:
 CPUs: 8 total, 8 available
 Memory: 8192M
 Large Page Support: Disabled
 NUMA Support: Disabled
 Compressed Oops: Enabled (Zero based)
 Heap Region Size: 1M
 Heap Min Capacity: 8M
 Heap Initial Capacity: 128M
 Heap Max Capacity: 2G
 Pre-touch: Disabled
 Parallel Workers: 8
 Concurrent Workers: 2
 Concurrent Refinement Workers: 8
 Periodic GC: Disabled
Heap:
 garbage-first heap   total 86016K, used 37159K [0x0000000780000000, 0x0000000800000000)
  region size 1024K, 12 young (12288K), 2 survivors (2048K)
 Metaspace       used 29833K, committed 30080K, reserved 1081344K
  class space    used 4088K, committed 4224K, reserved 1048576K
GC Heap History (10 events):
Event: 0.627 GC heap before
{Heap before GC invocations=0 (full 0):
 garbage-first heap   total 133120K, used 23520K [0x0000000780000000, 0x0000000800000000)
  region size 1024K, 23 young (23552K), 0 survivors (0K)
 Metaspace       used 7116K, committed 7360K, reserved 1056768K
  class space    used 873K, committed 960K, reserved 1048576K
}
Event: 0.632 GC heap after
{Heap after GC invocations=1 (full 0):
 garbage-first heap   total 133120K, used 4234K [0x0000000780000000, 0x0000000800000000)
  region size 1024K, 3 young (3072K), 3 survivors (3072K)
 Metaspace       used 7116K, committed 7360K, reserved 1056768K
  class space    used 873K, committed 960K, reserved 1048576K
}
Event: 4.113 GC heap before
{Heap before GC invocations=1 (full 0):
 garbage-first heap   total 133120K, used 65674K [0x0000000780000000, 0x0000000800000000)
  region size 1024K, 43 young (44032K), 3 survivors (3072K)
 Metaspace       used 20565K, committed 20864K, reserved 1073152K
  class space    used 2778K, committed 2944K, reserved 1048576K
}
Event: 4.128 GC heap after
{Heap after GC invocations=2 (full 0):
 garbage-first heap   total 133120K, used 22003K [0x0000000780000000, 0x0000000800000000)
  region size 1024K, 6 young (6144K), 6 survivors (6144K)
 Metaspace       used 20565K, committed 20864K, reserved 1073152K
  class space    used 2778K, committed 2944K, reserved 1048576K
}
Event: 4.150 GC heap before
{Heap before GC invocations=2 (full 0):
 garbage-first heap   total 133120K, used 27123K [0x0000000780000000, 0x0000000800000000)
  region size 1024K, 12 young (12288K), 6 survivors (6144K)
 Metaspace       used 21242K, committed 21504K, reserved 1073152K
  class space    used 2822K, committed 2944K, reserved 1048576K
}
Event: 4.156 GC heap after
{Heap after GC invocations=3 (full 0):
 garbage-first heap   total 133120K, used 22937K [0x0000000780000000, 0x0000000800000000)
  region size 1024K, 4 young (4096K), 4 survivors (4096K)
 Metaspace       used 21242K, committed 21504K, reserved 1073152K
  class space    used 2822K, committed 2944K, reserved 1048576K
}
Event: 30.107 GC heap before
{Heap before GC invocations=4 (full 0):
 garbage-first heap   total 86016K, used 66969K [0x0000000780000000, 0x0000000800000000)
  region size 1024K, 48 young (49152K), 4 survivors (4096K)
 Metaspace       used 28575K, committed 28864K, reserved 1081344K
  class space    used 4010K, committed 4160K, reserved 1048576K
}
Event: 30.113 GC heap after
{Heap after GC invocations=5 (full 0):
 garbage-first heap   total 86016K, used 27033K [0x0000000780000000, 0x0000000800000000)
  region size 1024K, 8 young (8192K), 8 survivors (8192K)
 Metaspace       used 28575K, committed 28864K, reserved 1081344K
  class space    used 4010K, committed 4160K, reserved 1048576K
}
Event: 30.123 GC heap before
{Heap before GC invocations=5 (full 0):
 garbage-first heap   total 86016K, used 28057K [0x0000000780000000, 0x0000000800000000)
  region size 1024K, 9 young (9216K), 8 survivors (8192K)
 Metaspace       used 28635K, committed 28928K, reserved 1081344K
  class space    used 4010K, committed 4160K, reserved 1048576K
}
Event: 30.128 GC heap after
{Heap after GC invocations=6 (full 0):
 garbage-first heap   total 86016K, used 27943K [0x0000000780000000, 0x0000000800000000)
  region size 1024K, 2 young (2048K), 2 survivors (2048K)
 Metaspace       used 28635K, committed 28928K, reserved 1081344K
  class space    used 4010K, committed 4160K, reserved 1048576K
}

