# JRE version: OpenJDK Runtime Environment (17.0.2+8) (build 17.0.2+8-86)
# Java VM: OpenJDK 64-Bit Server VM (17.0.2+8-86, mixed mode, sharing, tiered, compressed oops, compressed class ptrs, g1 gc, bsd-aarch64)
GC Precious Log:
 CPUs: 8 total, 8 available
 Memory: 8192M
 Large Page Support: Disabled
 NUMA Support: Disabled
 Compressed Oops: Enabled (Zero based)
 Heap Region Size: 1M
 Heap Min Capacity: 8M
 Heap Initial Capacity: 128M
 Heap Max Capacity: 2G
 Pre-touch: Disabled
 Parallel Workers: 8
 Concurrent Workers: 2
 Concurrent Refinement Workers: 8
 Periodic GC: Disabled
Heap:
 garbage-first heap   total 86016K, used 41169K [0x0000000780000000, 0x0000000800000000)
  region size 1024K, 16 young (16384K), 2 survivors (2048K)
 Metaspace       used 30129K, committed 30400K, reserved 1081344K
  class space    used 4096K, committed 4224K, reserved 1048576K
GC Heap History (10 events):
Event: 0.741 GC heap before
{Heap before GC invocations=0 (full 0):
 garbage-first heap   total 133120K, used 23520K [0x0000000780000000, 0x0000000800000000)
  region size 1024K, 23 young (23552K), 0 survivors (0K)
 Metaspace       used 7122K, committed 7424K, reserved 1056768K
  class space    used 878K, committed 1024K, reserved 1048576K
}
Event: 0.746 GC heap after
{Heap after GC invocations=1 (full 0):
 garbage-first heap   total 133120K, used 4277K [0x0000000780000000, 0x0000000800000000)
  region size 1024K, 3 young (3072K), 3 survivors (3072K)
 Metaspace       used 7122K, committed 7424K, reserved 1056768K
  class space    used 878K, committed 1024K, reserved 1048576K
}
Event: 3.055 GC heap before
{Heap before GC invocations=1 (full 0):
 garbage-first heap   total 133120K, used 64693K [0x0000000780000000, 0x0000000800000000)
  region size 1024K, 42 young (43008K), 3 survivors (3072K)
 Metaspace       used 20369K, committed 20608K, reserved 1073152K
  class space    used 2770K, committed 2880K, reserved 1048576K
}
Event: 3.062 GC heap after
{Heap after GC invocations=2 (full 0):
 garbage-first heap   total 133120K, used 22281K [0x0000000780000000, 0x0000000800000000)
  region size 1024K, 6 young (6144K), 6 survivors (6144K)
 Metaspace       used 20369K, committed 20608K, reserved 1073152K
  class space    used 2770K, committed 2880K, reserved 1048576K
}
Event: 3.743 GC heap before
{Heap before GC invocations=2 (full 0):
 garbage-first heap   total 133120K, used 27401K [0x0000000780000000, 0x0000000800000000)
  region size 1024K, 12 young (12288K), 6 survivors (6144K)
 Metaspace       used 21231K, committed 21504K, reserved 1073152K
  class space    used 2831K, committed 3008K, reserved 1048576K
}
Event: 3.747 GC heap after
{Heap after GC invocations=3 (full 0):
 garbage-first heap   total 133120K, used 22821K [0x0000000780000000, 0x0000000800000000)
  region size 1024K, 4 young (4096K), 4 survivors (4096K)
 Metaspace       used 21231K, committed 21504K, reserved 1073152K
  class space    used 2831K, committed 3008K, reserved 1048576K
}
Event: 34.253 GC heap before
{Heap before GC invocations=4 (full 0):
 garbage-first heap   total 86016K, used 66853K [0x0000000780000000, 0x0000000800000000)
  region size 1024K, 48 young (49152K), 4 survivors (4096K)
 Metaspace       used 28583K, committed 28864K, reserved 1081344K
  class space    used 4016K, committed 4160K, reserved 1048576K
}
Event: 34.262 GC heap after
{Heap after GC invocations=5 (full 0):
 garbage-first heap   total 86016K, used 27044K [0x0000000780000000, 0x0000000800000000)
  region size 1024K, 9 young (9216K), 9 survivors (9216K)
 Metaspace       used 28583K, committed 28864K, reserved 1081344K
  class space    used 4016K, committed 4160K, reserved 1048576K
}
Event: 34.272 GC heap before
{Heap before GC invocations=5 (full 0):
 garbage-first heap   total 86016K, used 28068K [0x0000000780000000, 0x0000000800000000)
  region size 1024K, 10 young (10240K), 9 survivors (9216K)
 Metaspace       used 28645K, committed 28928K, reserved 1081344K
  class space    used 4016K, committed 4160K, reserved 1048576K
}
Event: 34.276 GC heap after
{Heap after GC invocations=6 (full 0):
 garbage-first heap   total 86016K, used 27857K [0x0000000780000000, 0x0000000800000000)
  region size 1024K, 2 young (2048K), 2 survivors (2048K)
 Metaspace       used 28645K, committed 28928K, reserved 1081344K
  class space    used 4016K, committed 4160K, reserved 1048576K
}

