# JRE version: OpenJDK Runtime Environment (17.0.2+8) (build 17.0.2+8-86)
# Java VM: OpenJDK 64-Bit Server VM (17.0.2+8-86, mixed mode, sharing, tiered, compressed oops, compressed class ptrs, g1 gc, bsd-aarch64)
GC Precious Log:
 CPUs: 8 total, 8 available
 Memory: 8192M
 Large Page Support: Disabled
 NUMA Support: Disabled
 Compressed Oops: Enabled (Zero based)
 Heap Region Size: 1M
 Heap Min Capacity: 8M
 Heap Initial Capacity: 128M
 Heap Max Capacity: 2G
 Pre-touch: Disabled
 Parallel Workers: 8
 Concurrent Workers: 2
 Concurrent Refinement Workers: 8
 Periodic GC: Disabled
Heap:
 garbage-first heap   total 81920K, used 38754K [0x0000000780000000, 0x0000000800000000)
  region size 1024K, 13 young (13312K), 2 survivors (2048K)
 Metaspace       used 29843K, committed 30144K, reserved 1081344K
  class space    used 4063K, committed 4224K, reserved 1048576K
GC Heap History (10 events):
Event: 0.518 GC heap before
{Heap before GC invocations=0 (full 0):
 garbage-first heap   total 133120K, used 23520K [0x0000000780000000, 0x0000000800000000)
  region size 1024K, 23 young (23552K), 0 survivors (0K)
 Metaspace       used 7385K, committed 7552K, reserved 1056768K
  class space    used 901K, committed 960K, reserved 1048576K
}
Event: 0.521 GC heap after
{Heap after GC invocations=1 (full 0):
 garbage-first heap   total 133120K, used 4857K [0x0000000780000000, 0x0000000800000000)
  region size 1024K, 3 young (3072K), 3 survivors (3072K)
 Metaspace       used 7385K, committed 7552K, reserved 1056768K
  class space    used 901K, committed 960K, reserved 1048576K
}
Event: 1.846 GC heap before
{Heap before GC invocations=1 (full 0):
 garbage-first heap   total 133120K, used 44793K [0x0000000780000000, 0x0000000800000000)
  region size 1024K, 42 young (43008K), 3 survivors (3072K)
 Metaspace       used 19325K, committed 19520K, reserved 1073152K
  class space    used 2404K, committed 2496K, reserved 1048576K
}
Event: 1.850 GC heap after
{Heap after GC invocations=2 (full 0):
 garbage-first heap   total 133120K, used 10464K [0x0000000780000000, 0x0000000800000000)
  region size 1024K, 6 young (6144K), 6 survivors (6144K)
 Metaspace       used 19325K, committed 19520K, reserved 1073152K
  class space    used 2404K, committed 2496K, reserved 1048576K
}
Event: 21.176 GC heap before
{Heap before GC invocations=2 (full 0):
 garbage-first heap   total 133120K, used 32992K [0x0000000780000000, 0x0000000800000000)
  region size 1024K, 20 young (20480K), 6 survivors (6144K)
 Metaspace       used 21341K, committed 21504K, reserved 1073152K
  class space    used 2673K, committed 2752K, reserved 1048576K
}
Event: 21.179 GC heap after
{Heap after GC invocations=3 (full 0):
 garbage-first heap   total 133120K, used 20815K [0x0000000780000000, 0x0000000800000000)
  region size 1024K, 5 young (5120K), 5 survivors (5120K)
 Metaspace       used 21341K, committed 21504K, reserved 1073152K
  class space    used 2673K, committed 2752K, reserved 1048576K
}
Event: 21.629 GC heap before
{Heap before GC invocations=4 (full 0):
 garbage-first heap   total 81920K, used 64847K [0x0000000780000000, 0x0000000800000000)
  region size 1024K, 40 young (40960K), 5 survivors (5120K)
 Metaspace       used 28067K, committed 28352K, reserved 1073152K
  class space    used 3899K, committed 4032K, reserved 1048576K
}
Event: 21.634 GC heap after
{Heap after GC invocations=5 (full 0):
 garbage-first heap   total 81920K, used 25650K [0x0000000780000000, 0x0000000800000000)
  region size 1024K, 9 young (9216K), 9 survivors (9216K)
 Metaspace       used 28067K, committed 28352K, reserved 1073152K
  class space    used 3899K, committed 4032K, reserved 1048576K
}
Event: 21.686 GC heap before
{Heap before GC invocations=5 (full 0):
 garbage-first heap   total 81920K, used 28722K [0x0000000780000000, 0x0000000800000000)
  region size 1024K, 10 young (10240K), 9 survivors (9216K)
 Metaspace       used 28307K, committed 28608K, reserved 1073152K
  class space    used 3930K, committed 4096K, reserved 1048576K
}
Event: 21.690 GC heap after
{Heap after GC invocations=6 (full 0):
 garbage-first heap   total 81920K, used 28514K [0x0000000780000000, 0x0000000800000000)
  region size 1024K, 2 young (2048K), 2 survivors (2048K)
 Metaspace       used 28307K, committed 28608K, reserved 1073152K
  class space    used 3930K, committed 4096K, reserved 1048576K
}

