# JRE version: OpenJDK Runtime Environment (17.0.2+8) (build 17.0.2+8-86)
# Java VM: OpenJDK 64-Bit Server VM (17.0.2+8-86, mixed mode, sharing, tiered, compressed oops, compressed class ptrs, g1 gc, bsd-aarch64)
GC Precious Log:
 CPUs: 8 total, 8 available
 Memory: 8192M
 Large Page Support: Disabled
 NUMA Support: Disabled
 Compressed Oops: Enabled (Zero based)
 Heap Region Size: 1M
 Heap Min Capacity: 8M
 Heap Initial Capacity: 128M
 Heap Max Capacity: 2G
 Pre-touch: Disabled
 Parallel Workers: 8
 Concurrent Workers: 2
 Concurrent Refinement Workers: 8
 Periodic GC: Disabled
Heap:
 garbage-first heap   total 89088K, used 48794K [0x0000000780000000, 0x0000000800000000)
  region size 1024K, 23 young (23552K), 2 survivors (2048K)
 Metaspace       used 30099K, committed 30336K, reserved 1081344K
  class space    used 4030K, committed 4160K, reserved 1048576K
GC Heap History (10 events):
Event: 1.659 GC heap before
{Heap before GC invocations=0 (full 0):
 garbage-first heap   total 133120K, used 23520K [0x0000000780000000, 0x0000000800000000)
  region size 1024K, 23 young (23552K), 0 survivors (0K)
 Metaspace       used 7125K, committed 7360K, reserved 1056768K
  class space    used 874K, committed 960K, reserved 1048576K
}
Event: 1.661 GC heap after
{Heap after GC invocations=1 (full 0):
 garbage-first heap   total 133120K, used 4313K [0x0000000780000000, 0x0000000800000000)
  region size 1024K, 3 young (3072K), 3 survivors (3072K)
 Metaspace       used 7125K, committed 7360K, reserved 1056768K
  class space    used 874K, committed 960K, reserved 1048576K
}
Event: 5.077 GC heap before
{Heap before GC invocations=1 (full 0):
 garbage-first heap   total 133120K, used 64729K [0x0000000780000000, 0x0000000800000000)
  region size 1024K, 42 young (43008K), 3 survivors (3072K)
 Metaspace       used 20075K, committed 20352K, reserved 1073152K
  class space    used 2726K, committed 2880K, reserved 1048576K
}
Event: 5.101 GC heap after
{Heap after GC invocations=2 (full 0):
 garbage-first heap   total 133120K, used 21812K [0x0000000780000000, 0x0000000800000000)
  region size 1024K, 6 young (6144K), 6 survivors (6144K)
 Metaspace       used 20075K, committed 20352K, reserved 1073152K
  class space    used 2726K, committed 2880K, reserved 1048576K
}
Event: 5.410 GC heap before
{Heap before GC invocations=2 (full 0):
 garbage-first heap   total 133120K, used 28980K [0x0000000780000000, 0x0000000800000000)
  region size 1024K, 14 young (14336K), 6 survivors (6144K)
 Metaspace       used 21230K, committed 21504K, reserved 1073152K
  class space    used 2824K, committed 2944K, reserved 1048576K
}
Event: 5.430 GC heap after
{Heap after GC invocations=3 (full 0):
 garbage-first heap   total 133120K, used 22956K [0x0000000780000000, 0x0000000800000000)
  region size 1024K, 5 young (5120K), 5 survivors (5120K)
 Metaspace       used 21230K, committed 21504K, reserved 1073152K
  class space    used 2824K, committed 2944K, reserved 1048576K
}
Event: 54.059 GC heap before
{Heap before GC invocations=4 (full 0):
 garbage-first heap   total 89088K, used 69036K [0x0000000780000000, 0x0000000800000000)
  region size 1024K, 51 young (52224K), 5 survivors (5120K)
 Metaspace       used 28376K, committed 28608K, reserved 1081344K
  class space    used 3955K, committed 4096K, reserved 1048576K
}
Event: 54.070 GC heap after
{Heap after GC invocations=5 (full 0):
 garbage-first heap   total 89088K, used 27711K [0x0000000780000000, 0x0000000800000000)
  region size 1024K, 9 young (9216K), 9 survivors (9216K)
 Metaspace       used 28376K, committed 28608K, reserved 1081344K
  class space    used 3955K, committed 4096K, reserved 1048576K
}
Event: 54.091 GC heap before
{Heap before GC invocations=5 (full 0):
 garbage-first heap   total 89088K, used 28735K [0x0000000780000000, 0x0000000800000000)
  region size 1024K, 10 young (10240K), 9 survivors (9216K)
 Metaspace       used 28612K, committed 28928K, reserved 1081344K
  class space    used 3985K, committed 4160K, reserved 1048576K
}
Event: 54.095 GC heap after
{Heap after GC invocations=6 (full 0):
 garbage-first heap   total 89088K, used 28314K [0x0000000780000000, 0x0000000800000000)
  region size 1024K, 2 young (2048K), 2 survivors (2048K)
 Metaspace       used 28612K, committed 28928K, reserved 1081344K
  class space    used 3985K, committed 4160K, reserved 1048576K
}

