# JRE version: OpenJDK Runtime Environment (17.0.2+8) (build 17.0.2+8-86)
# Java VM: OpenJDK 64-Bit Server VM (17.0.2+8-86, mixed mode, sharing, tiered, compressed oops, compressed class ptrs, g1 gc, bsd-aarch64)
GC Precious Log:
 CPUs: 8 total, 8 available
 Memory: 8192M
 Large Page Support: Disabled
 NUMA Support: Disabled
 Compressed Oops: Enabled (Zero based)
 Heap Region Size: 1M
 Heap Min Capacity: 8M
 Heap Initial Capacity: 128M
 Heap Max Capacity: 2G
 Pre-touch: Disabled
 Parallel Workers: 8
 Concurrent Workers: 2
 Concurrent Refinement Workers: 8
 Periodic GC: Disabled
Heap:
 garbage-first heap   total 81920K, used 35138K [0x0000000780000000, 0x0000000800000000)
  region size 1024K, 14 young (14336K), 6 survivors (6144K)
 Metaspace       used 29547K, committed 29824K, reserved 1081344K
  class space    used 4062K, committed 4224K, reserved 1048576K
GC Heap History (8 events):
Event: 0.509 GC heap before
{Heap before GC invocations=0 (full 0):
 garbage-first heap   total 133120K, used 23520K [0x0000000780000000, 0x0000000800000000)
  region size 1024K, 23 young (23552K), 0 survivors (0K)
 Metaspace       used 7112K, committed 7296K, reserved 1056768K
  class space    used 866K, committed 960K, reserved 1048576K
}
Event: 0.512 GC heap after
{Heap after GC invocations=1 (full 0):
 garbage-first heap   total 133120K, used 4275K [0x0000000780000000, 0x0000000800000000)
  region size 1024K, 3 young (3072K), 3 survivors (3072K)
 Metaspace       used 7112K, committed 7296K, reserved 1056768K
  class space    used 866K, committed 960K, reserved 1048576K
}
Event: 1.435 GC heap before
{Heap before GC invocations=1 (full 0):
 garbage-first heap   total 133120K, used 45235K [0x0000000780000000, 0x0000000800000000)
  region size 1024K, 43 young (44032K), 3 survivors (3072K)
 Metaspace       used 19278K, committed 19456K, reserved 1073152K
  class space    used 2403K, committed 2496K, reserved 1048576K
}
Event: 1.443 GC heap after
{Heap after GC invocations=2 (full 0):
 garbage-first heap   total 133120K, used 10444K [0x0000000780000000, 0x0000000800000000)
  region size 1024K, 6 young (6144K), 6 survivors (6144K)
 Metaspace       used 19278K, committed 19456K, reserved 1073152K
  class space    used 2403K, committed 2496K, reserved 1048576K
}
Event: 20.060 GC heap before
{Heap before GC invocations=2 (full 0):
 garbage-first heap   total 133120K, used 32972K [0x0000000780000000, 0x0000000800000000)
  region size 1024K, 20 young (20480K), 6 survivors (6144K)
 Metaspace       used 21337K, committed 21504K, reserved 1073152K
  class space    used 2678K, committed 2752K, reserved 1048576K
}
Event: 20.064 GC heap after
{Heap after GC invocations=3 (full 0):
 garbage-first heap   total 133120K, used 21087K [0x0000000780000000, 0x0000000800000000)
  region size 1024K, 2 young (2048K), 2 survivors (2048K)
 Metaspace       used 21337K, committed 21504K, reserved 1073152K
  class space    used 2678K, committed 2752K, reserved 1048576K
}
Event: 20.519 GC heap before
{Heap before GC invocations=4 (full 0):
 garbage-first heap   total 81920K, used 68191K [0x0000000780000000, 0x0000000800000000)
  region size 1024K, 38 young (38912K), 2 survivors (2048K)
 Metaspace       used 28271K, committed 28544K, reserved 1073152K
  class space    used 3930K, committed 4096K, reserved 1048576K
}
Event: 20.522 GC heap after
{Heap after GC invocations=5 (full 0):
 garbage-first heap   total 81920K, used 27970K [0x0000000780000000, 0x0000000800000000)
  region size 1024K, 6 young (6144K), 6 survivors (6144K)
 Metaspace       used 28271K, committed 28544K, reserved 1073152K
  class space    used 3930K, committed 4096K, reserved 1048576K
}

