# JRE version: OpenJDK Runtime Environment (17.0.2+8) (build 17.0.2+8-86)
# Java VM: OpenJDK 64-Bit Server VM (17.0.2+8-86, mixed mode, sharing, tiered, compressed oops, compressed class ptrs, g1 gc, bsd-aarch64)
GC Precious Log:
 CPUs: 8 total, 8 available
 Memory: 8192M
 Large Page Support: Disabled
 NUMA Support: Disabled
 Compressed Oops: Enabled (Zero based)
 Heap Region Size: 1M
 Heap Min Capacity: 8M
 Heap Initial Capacity: 128M
 Heap Max Capacity: 2G
 Pre-touch: Disabled
 Parallel Workers: 8
 Concurrent Workers: 2
 Concurrent Refinement Workers: 8
 Periodic GC: Disabled
Heap:
 garbage-first heap   total 81920K, used 33760K [0x0000000780000000, 0x0000000800000000)
  region size 1024K, 7 young (7168K), 1 survivors (1024K)
 Metaspace       used 26363K, committed 26624K, reserved 1073152K
  class space    used 3658K, committed 3776K, reserved 1048576K
GC Heap History (10 events):
Event: 0.593 GC heap before
{Heap before GC invocations=0 (full 0):
 garbage-first heap   total 133120K, used 23520K [0x0000000780000000, 0x0000000800000000)
  region size 1024K, 23 young (23552K), 0 survivors (0K)
 Metaspace       used 7137K, committed 7360K, reserved 1056768K
  class space    used 866K, committed 960K, reserved 1048576K
}
Event: 0.595 GC heap after
{Heap after GC invocations=1 (full 0):
 garbage-first heap   total 133120K, used 4149K [0x0000000780000000, 0x0000000800000000)
  region size 1024K, 3 young (3072K), 3 survivors (3072K)
 Metaspace       used 7137K, committed 7360K, reserved 1056768K
  class space    used 866K, committed 960K, reserved 1048576K
}
Event: 15.950 GC heap before
{Heap before GC invocations=1 (full 0):
 garbage-first heap   total 133120K, used 54325K [0x0000000780000000, 0x0000000800000000)
  region size 1024K, 43 young (44032K), 3 survivors (3072K)
 Metaspace       used 18653K, committed 18944K, reserved 1073152K
  class space    used 2430K, committed 2560K, reserved 1048576K
}
Event: 15.960 GC heap after
{Heap after GC invocations=2 (full 0):
 garbage-first heap   total 133120K, used 19144K [0x0000000780000000, 0x0000000800000000)
  region size 1024K, 6 young (6144K), 6 survivors (6144K)
 Metaspace       used 18653K, committed 18944K, reserved 1073152K
  class space    used 2430K, committed 2560K, reserved 1048576K
}
Event: 16.150 GC heap before
{Heap before GC invocations=2 (full 0):
 garbage-first heap   total 133120K, used 30408K [0x0000000780000000, 0x0000000800000000)
  region size 1024K, 18 young (18432K), 6 survivors (6144K)
 Metaspace       used 21269K, committed 21504K, reserved 1073152K
  class space    used 2999K, committed 3136K, reserved 1048576K
}
Event: 16.153 GC heap after
{Heap after GC invocations=3 (full 0):
 garbage-first heap   total 133120K, used 21143K [0x0000000780000000, 0x0000000800000000)
  region size 1024K, 6 young (6144K), 6 survivors (6144K)
 Metaspace       used 21269K, committed 21504K, reserved 1073152K
  class space    used 2999K, committed 3136K, reserved 1048576K
}
Event: 21.282 GC heap before
{Heap before GC invocations=4 (full 0):
 garbage-first heap   total 81920K, used 65175K [0x0000000780000000, 0x0000000800000000)
  region size 1024K, 39 young (39936K), 6 survivors (6144K)
 Metaspace       used 26099K, committed 26368K, reserved 1073152K
  class space    used 3656K, committed 3776K, reserved 1048576K
}
Event: 21.293 GC heap after
{Heap after GC invocations=5 (full 0):
 garbage-first heap   total 81920K, used 27726K [0x0000000780000000, 0x0000000800000000)
  region size 1024K, 6 young (6144K), 6 survivors (6144K)
 Metaspace       used 26099K, committed 26368K, reserved 1073152K
  class space    used 3656K, committed 3776K, reserved 1048576K
}
Event: 54.304 GC heap before
{Heap before GC invocations=5 (full 0):
 garbage-first heap   total 81920K, used 28750K [0x0000000780000000, 0x0000000800000000)
  region size 1024K, 7 young (7168K), 6 survivors (6144K)
 Metaspace       used 26258K, committed 26496K, reserved 1073152K
  class space    used 3656K, committed 3776K, reserved 1048576K
}
Event: 54.317 GC heap after
{Heap after GC invocations=6 (full 0):
 garbage-first heap   total 81920K, used 28640K [0x0000000780000000, 0x0000000800000000)
  region size 1024K, 1 young (1024K), 1 survivors (1024K)
 Metaspace       used 26258K, committed 26496K, reserved 1073152K
  class space    used 3656K, committed 3776K, reserved 1048576K
}

