# JRE version: OpenJDK Runtime Environment (17.0.2+8) (build 17.0.2+8-86)
# Java VM: OpenJDK 64-Bit Server VM (17.0.2+8-86, mixed mode, sharing, tiered, compressed oops, compressed class ptrs, g1 gc, bsd-aarch64)
GC Precious Log:
 CPUs: 8 total, 8 available
 Memory: 8192M
 Large Page Support: Disabled
 NUMA Support: Disabled
 Compressed Oops: Enabled (Zero based)
 Heap Region Size: 1M
 Heap Min Capacity: 8M
 Heap Initial Capacity: 128M
 Heap Max Capacity: 2G
 Pre-touch: Disabled
 Parallel Workers: 8
 Concurrent Workers: 2
 Concurrent Refinement Workers: 8
 Periodic GC: Disabled
Heap:
 garbage-first heap   total 78848K, used 30765K [0x0000000780000000, 0x0000000800000000)
  region size 1024K, 6 young (6144K), 2 survivors (2048K)
 Metaspace       used 28658K, committed 28864K, reserved 1081344K
  class space    used 3952K, committed 4032K, reserved 1048576K
GC Heap History (10 events):
Event: 0.405 GC heap before
{Heap before GC invocations=0 (full 0):
 garbage-first heap   total 133120K, used 23520K [0x0000000780000000, 0x0000000800000000)
  region size 1024K, 23 young (23552K), 0 survivors (0K)
 Metaspace       used 7374K, committed 7552K, reserved 1056768K
  class space    used 900K, committed 960K, reserved 1048576K
}
Event: 0.407 GC heap after
{Heap after GC invocations=1 (full 0):
 garbage-first heap   total 133120K, used 4789K [0x0000000780000000, 0x0000000800000000)
  region size 1024K, 3 young (3072K), 3 survivors (3072K)
 Metaspace       used 7374K, committed 7552K, reserved 1056768K
  class space    used 900K, committed 960K, reserved 1048576K
}
Event: 2.364 GC heap before
{Heap before GC invocations=1 (full 0):
 garbage-first heap   total 133120K, used 45749K [0x0000000780000000, 0x0000000800000000)
  region size 1024K, 43 young (44032K), 3 survivors (3072K)
 Metaspace       used 19648K, committed 19904K, reserved 1073152K
  class space    used 2433K, committed 2560K, reserved 1048576K
}
Event: 2.373 GC heap after
{Heap after GC invocations=2 (full 0):
 garbage-first heap   total 133120K, used 10723K [0x0000000780000000, 0x0000000800000000)
  region size 1024K, 6 young (6144K), 6 survivors (6144K)
 Metaspace       used 19648K, committed 19904K, reserved 1073152K
  class space    used 2433K, committed 2560K, reserved 1048576K
}
Event: 28.987 GC heap before
{Heap before GC invocations=2 (full 0):
 garbage-first heap   total 133120K, used 31203K [0x0000000780000000, 0x0000000800000000)
  region size 1024K, 18 young (18432K), 6 survivors (6144K)
 Metaspace       used 21318K, committed 21504K, reserved 1073152K
  class space    used 2663K, committed 2752K, reserved 1048576K
}
Event: 28.991 GC heap after
{Heap after GC invocations=3 (full 0):
 garbage-first heap   total 133120K, used 20376K [0x0000000780000000, 0x0000000800000000)
  region size 1024K, 4 young (4096K), 4 survivors (4096K)
 Metaspace       used 21318K, committed 21504K, reserved 1073152K
  class space    used 2663K, committed 2752K, reserved 1048576K
}
Event: 29.511 GC heap before
{Heap before GC invocations=4 (full 0):
 garbage-first heap   total 78848K, used 63384K [0x0000000780000000, 0x0000000800000000)
  region size 1024K, 38 young (38912K), 4 survivors (4096K)
 Metaspace       used 27702K, committed 27904K, reserved 1073152K
  class space    used 3860K, committed 3968K, reserved 1048576K
}
Event: 29.518 GC heap after
{Heap after GC invocations=5 (full 0):
 garbage-first heap   total 78848K, used 24804K [0x0000000780000000, 0x0000000800000000)
  region size 1024K, 9 young (9216K), 9 survivors (9216K)
 Metaspace       used 27702K, committed 27904K, reserved 1073152K
  class space    used 3860K, committed 3968K, reserved 1048576K
}
Event: 29.530 GC heap before
{Heap before GC invocations=5 (full 0):
 garbage-first heap   total 78848K, used 25828K [0x0000000780000000, 0x0000000800000000)
  region size 1024K, 10 young (10240K), 9 survivors (9216K)
 Metaspace       used 27978K, committed 28160K, reserved 1073152K
  class space    used 3890K, committed 3968K, reserved 1048576K
}
Event: 29.536 GC heap after
{Heap after GC invocations=6 (full 0):
 garbage-first heap   total 78848K, used 25645K [0x0000000780000000, 0x0000000800000000)
  region size 1024K, 2 young (2048K), 2 survivors (2048K)
 Metaspace       used 27978K, committed 28160K, reserved 1073152K
  class space    used 3890K, committed 3968K, reserved 1048576K
}

