# JRE version: OpenJDK Runtime Environment (17.0.2+8) (build 17.0.2+8-86)
# Java VM: OpenJDK 64-Bit Server VM (17.0.2+8-86, mixed mode, sharing, tiered, compressed oops, compressed class ptrs, g1 gc, bsd-aarch64)
GC Precious Log:
 CPUs: 8 total, 8 available
 Memory: 8192M
 Large Page Support: Disabled
 NUMA Support: Disabled
 Compressed Oops: Enabled (Zero based)
 Heap Region Size: 1M
 Heap Min Capacity: 8M
 Heap Initial Capacity: 128M
 Heap Max Capacity: 2G
 Pre-touch: Disabled
 Parallel Workers: 8
 Concurrent Workers: 2
 Concurrent Refinement Workers: 8
 Periodic GC: Disabled
Heap:
 garbage-first heap   total 86016K, used 32556K [0x0000000780000000, 0x0000000800000000)
  region size 1024K, 15 young (15360K), 9 survivors (9216K)
 Metaspace       used 29462K, committed 29760K, reserved 1081344K
  class space    used 4065K, committed 4224K, reserved 1048576K
GC Heap History (8 events):
Event: 0.649 GC heap before
{Heap before GC invocations=0 (full 0):
 garbage-first heap   total 133120K, used 24544K [0x0000000780000000, 0x0000000800000000)
  region size 1024K, 23 young (23552K), 0 survivors (0K)
 Metaspace       used 7087K, committed 7296K, reserved 1056768K
  class space    used 873K, committed 960K, reserved 1048576K
}
Event: 0.653 GC heap after
{Heap after GC invocations=1 (full 0):
 garbage-first heap   total 133120K, used 4370K [0x0000000780000000, 0x0000000800000000)
  region size 1024K, 3 young (3072K), 3 survivors (3072K)
 Metaspace       used 7087K, committed 7296K, reserved 1056768K
  class space    used 873K, committed 960K, reserved 1048576K
}
Event: 5.016 GC heap before
{Heap before GC invocations=1 (full 0):
 garbage-first heap   total 133120K, used 64786K [0x0000000780000000, 0x0000000800000000)
  region size 1024K, 42 young (43008K), 3 survivors (3072K)
 Metaspace       used 20104K, committed 20416K, reserved 1073152K
  class space    used 2727K, committed 2880K, reserved 1048576K
}
Event: 5.023 GC heap after
{Heap after GC invocations=2 (full 0):
 garbage-first heap   total 133120K, used 21833K [0x0000000780000000, 0x0000000800000000)
  region size 1024K, 6 young (6144K), 6 survivors (6144K)
 Metaspace       used 20104K, committed 20416K, reserved 1073152K
  class space    used 2727K, committed 2880K, reserved 1048576K
}
Event: 5.724 GC heap before
{Heap before GC invocations=2 (full 0):
 garbage-first heap   total 133120K, used 29001K [0x0000000780000000, 0x0000000800000000)
  region size 1024K, 14 young (14336K), 6 survivors (6144K)
 Metaspace       used 21294K, committed 21504K, reserved 1073152K
  class space    used 2828K, committed 2944K, reserved 1048576K
}
Event: 5.729 GC heap after
{Heap after GC invocations=3 (full 0):
 garbage-first heap   total 133120K, used 23137K [0x0000000780000000, 0x0000000800000000)
  region size 1024K, 5 young (5120K), 5 survivors (5120K)
 Metaspace       used 21294K, committed 21504K, reserved 1073152K
  class space    used 2828K, committed 2944K, reserved 1048576K
}
Event: 38.575 GC heap before
{Heap before GC invocations=4 (full 0):
 garbage-first heap   total 86016K, used 68193K [0x0000000780000000, 0x0000000800000000)
  region size 1024K, 50 young (51200K), 5 survivors (5120K)
 Metaspace       used 28443K, committed 28736K, reserved 1081344K
  class space    used 3992K, committed 4160K, reserved 1048576K
}
Event: 38.582 GC heap after
{Heap after GC invocations=5 (full 0):
 garbage-first heap   total 86016K, used 27436K [0x0000000780000000, 0x0000000800000000)
  region size 1024K, 9 young (9216K), 9 survivors (9216K)
 Metaspace       used 28443K, committed 28736K, reserved 1081344K
  class space    used 3992K, committed 4160K, reserved 1048576K
}

