# JRE version: OpenJDK Runtime Environment (17.0.2+8) (build 17.0.2+8-86)
# Java VM: OpenJDK 64-Bit Server VM (17.0.2+8-86, mixed mode, sharing, tiered, compressed oops, compressed class ptrs, g1 gc, bsd-aarch64)
GC Precious Log:
 CPUs: 8 total, 8 available
 Memory: 8192M
 Large Page Support: Disabled
 NUMA Support: Disabled
 Compressed Oops: Enabled (Zero based)
 Heap Region Size: 1M
 Heap Min Capacity: 8M
 Heap Initial Capacity: 128M
 Heap Max Capacity: 2G
 Pre-touch: Disabled
 Parallel Workers: 8
 Concurrent Workers: 2
 Concurrent Refinement Workers: 8
 Periodic GC: Disabled
Heap:
 garbage-first heap   total 78848K, used 32972K [0x0000000780000000, 0x0000000800000000)
  region size 1024K, 15 young (15360K), 9 survivors (9216K)
 Metaspace       used 26351K, committed 26624K, reserved 1073152K
  class space    used 3655K, committed 3776K, reserved 1048576K
GC Heap History (8 events):
Event: 0.654 GC heap before
{Heap before GC invocations=0 (full 0):
 garbage-first heap   total 133120K, used 23520K [0x0000000780000000, 0x0000000800000000)
  region size 1024K, 23 young (23552K), 0 survivors (0K)
 Metaspace       used 7409K, committed 7616K, reserved 1056768K
  class space    used 900K, committed 960K, reserved 1048576K
}
Event: 0.656 GC heap after
{Heap after GC invocations=1 (full 0):
 garbage-first heap   total 133120K, used 4702K [0x0000000780000000, 0x0000000800000000)
  region size 1024K, 3 young (3072K), 3 survivors (3072K)
 Metaspace       used 7409K, committed 7616K, reserved 1056768K
  class space    used 900K, committed 960K, reserved 1048576K
}
Event: 13.669 GC heap before
{Heap before GC invocations=1 (full 0):
 garbage-first heap   total 133120K, used 53854K [0x0000000780000000, 0x0000000800000000)
  region size 1024K, 42 young (43008K), 3 survivors (3072K)
 Metaspace       used 18711K, committed 18944K, reserved 1073152K
  class space    used 2446K, committed 2560K, reserved 1048576K
}
Event: 13.679 GC heap after
{Heap after GC invocations=2 (full 0):
 garbage-first heap   total 133120K, used 19536K [0x0000000780000000, 0x0000000800000000)
  region size 1024K, 6 young (6144K), 6 survivors (6144K)
 Metaspace       used 18711K, committed 18944K, reserved 1073152K
  class space    used 2446K, committed 2560K, reserved 1048576K
}
Event: 13.868 GC heap before
{Heap before GC invocations=2 (full 0):
 garbage-first heap   total 133120K, used 30800K [0x0000000780000000, 0x0000000800000000)
  region size 1024K, 18 young (18432K), 6 survivors (6144K)
 Metaspace       used 21307K, committed 21504K, reserved 1073152K
  class space    used 3003K, committed 3136K, reserved 1048576K
}
Event: 13.870 GC heap after
{Heap after GC invocations=3 (full 0):
 garbage-first heap   total 133120K, used 21031K [0x0000000780000000, 0x0000000800000000)
  region size 1024K, 5 young (5120K), 5 survivors (5120K)
 Metaspace       used 21307K, committed 21504K, reserved 1073152K
  class space    used 3003K, committed 3136K, reserved 1048576K
}
Event: 43.299 GC heap before
{Heap before GC invocations=4 (full 0):
 garbage-first heap   total 78848K, used 64039K [0x0000000780000000, 0x0000000800000000)
  region size 1024K, 37 young (37888K), 5 survivors (5120K)
 Metaspace       used 26147K, committed 26432K, reserved 1073152K
  class space    used 3653K, committed 3776K, reserved 1048576K
}
Event: 43.311 GC heap after
{Heap after GC invocations=5 (full 0):
 garbage-first heap   total 78848K, used 27852K [0x0000000780000000, 0x0000000800000000)
  region size 1024K, 9 young (9216K), 9 survivors (9216K)
 Metaspace       used 26147K, committed 26432K, reserved 1073152K
  class space    used 3653K, committed 3776K, reserved 1048576K
}

