# JRE version: OpenJDK Runtime Environment (17.0.2+8) (build 17.0.2+8-86)
# Java VM: OpenJDK 64-Bit Server VM (17.0.2+8-86, mixed mode, sharing, tiered, compressed oops, compressed class ptrs, g1 gc, bsd-aarch64)
GC Precious Log:
 CPUs: 8 total, 8 available
 Memory: 8192M
 Large Page Support: Disabled
 NUMA Support: Disabled
 Compressed Oops: Enabled (Zero based)
 Heap Region Size: 1M
 Heap Min Capacity: 8M
 Heap Initial Capacity: 128M
 Heap Max Capacity: 2G
 Pre-touch: Disabled
 Parallel Workers: 8
 Concurrent Workers: 2
 Concurrent Refinement Workers: 8
 Periodic GC: Disabled
Heap:
 garbage-first heap   total 86016K, used 59200K [0x0000000780000000, 0x0000000800000000)
  region size 1024K, 32 young (32768K), 5 survivors (5120K)
 Metaspace       used 25429K, committed 25792K, reserved 1073152K
  class space    used 3605K, committed 3776K, reserved 1048576K
GC Heap History (6 events):
Event: 0.603 GC heap before
{Heap before GC invocations=0 (full 0):
 garbage-first heap   total 133120K, used 23520K [0x0000000780000000, 0x0000000800000000)
  region size 1024K, 23 young (23552K), 0 survivors (0K)
 Metaspace       used 7407K, committed 7552K, reserved 1056768K
  class space    used 901K, committed 960K, reserved 1048576K
}
Event: 0.607 GC heap after
{Heap after GC invocations=1 (full 0):
 garbage-first heap   total 133120K, used 4653K [0x0000000780000000, 0x0000000800000000)
  region size 1024K, 3 young (3072K), 3 survivors (3072K)
 Metaspace       used 7407K, committed 7552K, reserved 1056768K
  class space    used 901K, committed 960K, reserved 1048576K
}
Event: 23.503 GC heap before
{Heap before GC invocations=1 (full 0):
 garbage-first heap   total 133120K, used 53805K [0x0000000780000000, 0x0000000800000000)
  region size 1024K, 42 young (43008K), 3 survivors (3072K)
 Metaspace       used 18734K, committed 18944K, reserved 1073152K
  class space    used 2460K, committed 2560K, reserved 1048576K
}
Event: 23.512 GC heap after
{Heap after GC invocations=2 (full 0):
 garbage-first heap   total 133120K, used 19440K [0x0000000780000000, 0x0000000800000000)
  region size 1024K, 6 young (6144K), 6 survivors (6144K)
 Metaspace       used 18734K, committed 18944K, reserved 1073152K
  class space    used 2460K, committed 2560K, reserved 1048576K
}
Event: 23.816 GC heap before
{Heap before GC invocations=2 (full 0):
 garbage-first heap   total 133120K, used 30704K [0x0000000780000000, 0x0000000800000000)
  region size 1024K, 18 young (18432K), 6 survivors (6144K)
 Metaspace       used 21279K, committed 21504K, reserved 1073152K
  class space    used 2994K, committed 3136K, reserved 1048576K
}
Event: 23.821 GC heap after
{Heap after GC invocations=3 (full 0):
 garbage-first heap   total 133120K, used 21312K [0x0000000780000000, 0x0000000800000000)
  region size 1024K, 5 young (5120K), 5 survivors (5120K)
 Metaspace       used 21279K, committed 21504K, reserved 1073152K
  class space    used 2994K, committed 3136K, reserved 1048576K
}

