# JRE version: OpenJDK Runtime Environment (17.0.2+8) (build 17.0.2+8-86)
# Java VM: OpenJDK 64-Bit Server VM (17.0.2+8-86, mixed mode, sharing, tiered, compressed oops, compressed class ptrs, g1 gc, bsd-aarch64)
GC Precious Log:
 CPUs: 8 total, 8 available
 Memory: 8192M
 Large Page Support: Disabled
 NUMA Support: Disabled
 Compressed Oops: Enabled (Zero based)
 Heap Region Size: 1M
 Heap Min Capacity: 8M
 Heap Initial Capacity: 128M
 Heap Max Capacity: 2G
 Pre-touch: Disabled
 Parallel Workers: 8
 Concurrent Workers: 2
 Concurrent Refinement Workers: 8
 Periodic GC: Disabled
Heap:
 garbage-first heap   total 78848K, used 33295K [0x0000000780000000, 0x0000000800000000)
  region size 1024K, 7 young (7168K), 1 survivors (1024K)
 Metaspace       used 28895K, committed 29184K, reserved 1081344K
  class space    used 3954K, committed 4096K, reserved 1048576K
GC Heap History (10 events):
Event: 0.911 GC heap before
{Heap before GC invocations=0 (full 0):
 garbage-first heap   total 133120K, used 23520K [0x0000000780000000, 0x0000000800000000)
  region size 1024K, 23 young (23552K), 0 survivors (0K)
 Metaspace       used 7306K, committed 7488K, reserved 1056768K
  class space    used 891K, committed 960K, reserved 1048576K
}
Event: 0.914 GC heap after
{Heap after GC invocations=1 (full 0):
 garbage-first heap   total 133120K, used 4603K [0x0000000780000000, 0x0000000800000000)
  region size 1024K, 3 young (3072K), 3 survivors (3072K)
 Metaspace       used 7306K, committed 7488K, reserved 1056768K
  class space    used 891K, committed 960K, reserved 1048576K
}
Event: 1.980 GC heap before
{Heap before GC invocations=1 (full 0):
 garbage-first heap   total 133120K, used 44539K [0x0000000780000000, 0x0000000800000000)
  region size 1024K, 42 young (43008K), 3 survivors (3072K)
 Metaspace       used 19306K, committed 19520K, reserved 1073152K
  class space    used 2402K, committed 2496K, reserved 1048576K
}
Event: 1.986 GC heap after
{Heap after GC invocations=2 (full 0):
 garbage-first heap   total 133120K, used 10398K [0x0000000780000000, 0x0000000800000000)
  region size 1024K, 6 young (6144K), 6 survivors (6144K)
 Metaspace       used 19306K, committed 19520K, reserved 1073152K
  class space    used 2402K, committed 2496K, reserved 1048576K
}
Event: 21.959 GC heap before
{Heap before GC invocations=2 (full 0):
 garbage-first heap   total 133120K, used 33950K [0x0000000780000000, 0x0000000800000000)
  region size 1024K, 21 young (21504K), 6 survivors (6144K)
 Metaspace       used 21332K, committed 21504K, reserved 1073152K
  class space    used 2677K, committed 2752K, reserved 1048576K
}
Event: 21.965 GC heap after
{Heap after GC invocations=3 (full 0):
 garbage-first heap   total 133120K, used 20447K [0x0000000780000000, 0x0000000800000000)
  region size 1024K, 4 young (4096K), 4 survivors (4096K)
 Metaspace       used 21332K, committed 21504K, reserved 1073152K
  class space    used 2677K, committed 2752K, reserved 1048576K
}
Event: 22.576 GC heap before
{Heap before GC invocations=4 (full 0):
 garbage-first heap   total 78848K, used 63455K [0x0000000780000000, 0x0000000800000000)
  region size 1024K, 38 young (38912K), 4 survivors (4096K)
 Metaspace       used 27764K, committed 27968K, reserved 1073152K
  class space    used 3874K, committed 3968K, reserved 1048576K
}
Event: 22.588 GC heap after
{Heap after GC invocations=5 (full 0):
 garbage-first heap   total 78848K, used 25282K [0x0000000780000000, 0x0000000800000000)
  region size 1024K, 6 young (6144K), 6 survivors (6144K)
 Metaspace       used 27764K, committed 27968K, reserved 1073152K
  class space    used 3874K, committed 3968K, reserved 1048576K
}
Event: 22.594 GC heap before
{Heap before GC invocations=5 (full 0):
 garbage-first heap   total 78848K, used 25282K [0x0000000780000000, 0x0000000800000000)
  region size 1024K, 7 young (7168K), 6 survivors (6144K)
 Metaspace       used 28001K, committed 28288K, reserved 1073152K
  class space    used 3894K, committed 4032K, reserved 1048576K
}
Event: 22.597 GC heap after
{Heap after GC invocations=6 (full 0):
 garbage-first heap   total 78848K, used 26127K [0x0000000780000000, 0x0000000800000000)
  region size 1024K, 1 young (1024K), 1 survivors (1024K)
 Metaspace       used 28001K, committed 28288K, reserved 1073152K
  class space    used 3894K, committed 4032K, reserved 1048576K
}

