# JRE version: OpenJDK Runtime Environment (17.0.2+8) (build 17.0.2+8-86)
# Java VM: OpenJDK 64-Bit Server VM (17.0.2+8-86, mixed mode, tiered, compressed oops, compressed class ptrs, g1 gc, bsd-aarch64)
GC Precious Log:
 CPUs: 8 total, 8 available
 Memory: 8192M
 Large Page Support: Disabled
 NUMA Support: Disabled
 Compressed Oops: Enabled (Zero based)
 Heap Region Size: 1M
 Heap Min Capacity: 8M
 Heap Initial Capacity: 128M
 Heap Max Capacity: 2G
 Pre-touch: Disabled
 Parallel Workers: 8
 Concurrent Workers: 2
 Concurrent Refinement Workers: 8
 Periodic GC: Disabled
Heap:
 garbage-first heap   total 59392K, used 31420K [0x0000000740000000, 0x00000007c0000000)
  region size 1024K, 9 young (9216K), 2 survivors (2048K)
 Metaspace       used 38672K, committed 38912K, reserved 1089536K
  class space    used 5011K, committed 5120K, reserved 1048576K
GC Heap History (20 events):
Event: 0.450 GC heap before
{Heap before GC invocations=0 (full 0):
 garbage-first heap   total 131072K, used 22528K [0x0000000740000000, 0x00000007c0000000)
  region size 1024K, 23 young (23552K), 0 survivors (0K)
 Metaspace       used 13061K, committed 13248K, reserved 1064960K
  class space    used 1410K, committed 1472K, reserved 1048576K
}
Event: 0.454 GC heap after
{Heap after GC invocations=1 (full 0):
 garbage-first heap   total 131072K, used 3477K [0x0000000740000000, 0x00000007c0000000)
  region size 1024K, 3 young (3072K), 3 survivors (3072K)
 Metaspace       used 13061K, committed 13248K, reserved 1064960K
  class space    used 1410K, committed 1472K, reserved 1048576K
}
Event: 0.901 GC heap before
{Heap before GC invocations=1 (full 0):
 garbage-first heap   total 131072K, used 29077K [0x0000000740000000, 0x00000007c0000000)
  region size 1024K, 30 young (30720K), 3 survivors (3072K)
 Metaspace       used 21312K, committed 21504K, reserved 1073152K
  class space    used 2625K, committed 2688K, reserved 1048576K
}
Event: 0.907 GC heap after
{Heap after GC invocations=2 (full 0):
 garbage-first heap   total 131072K, used 7663K [0x0000000740000000, 0x00000007c0000000)
  region size 1024K, 4 young (4096K), 4 survivors (4096K)
 Metaspace       used 21312K, committed 21504K, reserved 1073152K
  class space    used 2625K, committed 2688K, reserved 1048576K
}
Event: 1.327 GC heap before
{Heap before GC invocations=3 (full 0):
 garbage-first heap   total 30720K, used 20975K [0x0000000740000000, 0x00000007c0000000)
  region size 1024K, 18 young (18432K), 4 survivors (4096K)
 Metaspace       used 28563K, committed 28864K, reserved 1081344K
  class space    used 3457K, committed 3584K, reserved 1048576K
}
Event: 1.331 GC heap after
{Heap after GC invocations=4 (full 0):
 garbage-first heap   total 30720K, used 10696K [0x0000000740000000, 0x00000007c0000000)
  region size 1024K, 3 young (3072K), 3 survivors (3072K)
 Metaspace       used 28563K, committed 28864K, reserved 1081344K
  class space    used 3457K, committed 3584K, reserved 1048576K
}
Event: 1.426 GC heap before
{Heap before GC invocations=4 (full 0):
 garbage-first heap   total 30720K, used 11720K [0x0000000740000000, 0x00000007c0000000)
  region size 1024K, 4 young (4096K), 3 survivors (3072K)
 Metaspace       used 28801K, committed 29056K, reserved 1081344K
  class space    used 3481K, committed 3584K, reserved 1048576K
}
Event: 1.430 GC heap after
{Heap after GC invocations=5 (full 0):
 garbage-first heap   total 30720K, used 11329K [0x0000000740000000, 0x00000007c0000000)
  region size 1024K, 1 young (1024K), 1 survivors (1024K)
 Metaspace       used 28801K, committed 29056K, reserved 1081344K
  class space    used 3481K, committed 3584K, reserved 1048576K
}
Event: 1.575 GC heap before
{Heap before GC invocations=5 (full 0):
 garbage-first heap   total 30720K, used 20545K [0x0000000740000000, 0x00000007c0000000)
  region size 1024K, 10 young (10240K), 1 survivors (1024K)
 Metaspace       used 29849K, committed 30208K, reserved 1081344K
  class space    used 3602K, committed 3776K, reserved 1048576K
}
Event: 1.582 GC heap after
{Heap after GC invocations=6 (full 0):
 garbage-first heap   total 30720K, used 15164K [0x0000000740000000, 0x00000007c0000000)
  region size 1024K, 2 young (2048K), 2 survivors (2048K)
 Metaspace       used 29849K, committed 30208K, reserved 1081344K
  class space    used 3602K, committed 3776K, reserved 1048576K
}
Event: 1.649 GC heap before
{Heap before GC invocations=6 (full 0):
 garbage-first heap   total 30720K, used 21308K [0x0000000740000000, 0x00000007c0000000)
  region size 1024K, 8 young (8192K), 2 survivors (2048K)
 Metaspace       used 31348K, committed 31680K, reserved 1081344K
  class space    used 3856K, committed 4032K, reserved 1048576K
}
Event: 1.653 GC heap after
{Heap after GC invocations=7 (full 0):
 garbage-first heap   total 30720K, used 15921K [0x0000000740000000, 0x00000007c0000000)
  region size 1024K, 1 young (1024K), 1 survivors (1024K)
 Metaspace       used 31348K, committed 31680K, reserved 1081344K
  class space    used 3856K, committed 4032K, reserved 1048576K
}
Event: 1.699 GC heap before
{Heap before GC invocations=7 (full 0):
 garbage-first heap   total 30720K, used 21041K [0x0000000740000000, 0x00000007c0000000)
  region size 1024K, 7 young (7168K), 1 survivors (1024K)
 Metaspace       used 32488K, committed 32768K, reserved 1081344K
  class space    used 4114K, committed 4288K, reserved 1048576K
}
Event: 1.706 GC heap after
{Heap after GC invocations=8 (full 0):
 garbage-first heap   total 80896K, used 16705K [0x0000000740000000, 0x00000007c0000000)
  region size 1024K, 1 young (1024K), 1 survivors (1024K)
 Metaspace       used 32488K, committed 32768K, reserved 1081344K
  class space    used 4114K, committed 4288K, reserved 1048576K
}
Event: 1.979 GC heap before
{Heap before GC invocations=9 (full 0):
 garbage-first heap   total 58368K, used 48449K [0x0000000740000000, 0x00000007c0000000)
  region size 1024K, 34 young (34816K), 1 survivors (1024K)
 Metaspace       used 36346K, committed 36672K, reserved 1081344K
  class space    used 4801K, committed 4928K, reserved 1048576K
}
Event: 1.983 GC heap after
{Heap after GC invocations=10 (full 0):
 garbage-first heap   total 59392K, used 23048K [0x0000000740000000, 0x00000007c0000000)
  region size 1024K, 5 young (5120K), 5 survivors (5120K)
 Metaspace       used 36346K, committed 36672K, reserved 1081344K
  class space    used 4801K, committed 4928K, reserved 1048576K
}
Event: 1.993 GC heap before
{Heap before GC invocations=10 (full 0):
 garbage-first heap   total 59392K, used 23048K [0x0000000740000000, 0x00000007c0000000)
  region size 1024K, 6 young (6144K), 5 survivors (5120K)
 Metaspace       used 36535K, committed 36864K, reserved 1081344K
  class space    used 4835K, committed 4992K, reserved 1048576K
}
Event: 1.995 GC heap after
{Heap after GC invocations=11 (full 0):
 garbage-first heap   total 59392K, used 22160K [0x0000000740000000, 0x00000007c0000000)
  region size 1024K, 1 young (1024K), 1 survivors (1024K)
 Metaspace       used 36535K, committed 36864K, reserved 1081344K
  class space    used 4835K, committed 4992K, reserved 1048576K
}
Event: 6.775 GC heap before
{Heap before GC invocations=11 (full 0):
 garbage-first heap   total 59392K, used 44688K [0x0000000740000000, 0x00000007c0000000)
  region size 1024K, 21 young (21504K), 1 survivors (1024K)
 Metaspace       used 38447K, committed 38720K, reserved 1089536K
  class space    used 5008K, committed 5120K, reserved 1048576K
}
Event: 6.779 GC heap after
{Heap after GC invocations=12 (full 0):
 garbage-first heap   total 59392K, used 25276K [0x0000000740000000, 0x00000007c0000000)
  region size 1024K, 2 young (2048K), 2 survivors (2048K)
 Metaspace       used 38447K, committed 38720K, reserved 1089536K
  class space    used 5008K, committed 5120K, reserved 1048576K
}

