# JRE version: OpenJDK Runtime Environment (17.0.2+8) (build 17.0.2+8-86)
# Java VM: OpenJDK 64-Bit Server VM (17.0.2+8-86, mixed mode, tiered, compressed oops, compressed class ptrs, g1 gc, bsd-aarch64)
GC Precious Log:
 CPUs: 8 total, 8 available
 Memory: 8192M
 Large Page Support: Disabled
 NUMA Support: Disabled
 Compressed Oops: Enabled (Zero based)
 Heap Region Size: 1M
 Heap Min Capacity: 8M
 Heap Initial Capacity: 128M
 Heap Max Capacity: 2G
 Pre-touch: Disabled
 Parallel Workers: 8
 Concurrent Workers: 2
 Concurrent Refinement Workers: 8
 Periodic GC: Disabled
Heap:
 garbage-first heap   total 75776K, used 35619K [0x0000000740000000, 0x00000007c0000000)
  region size 1024K, 7 young (7168K), 3 survivors (3072K)
 Metaspace       used 39939K, committed 40320K, reserved 1089536K
  class space    used 5104K, committed 5312K, reserved 1048576K
GC Heap History (20 events):
Event: 1.861 GC heap before
{Heap before GC invocations=6 (full 0):
 garbage-first heap   total 30720K, used 21144K [0x0000000740000000, 0x00000007c0000000)
  region size 1024K, 8 young (8192K), 2 survivors (2048K)
 Metaspace       used 31536K, committed 31872K, reserved 1081344K
  class space    used 3904K, committed 4096K, reserved 1048576K
}
Event: 1.863 GC heap after
{Heap after GC invocations=7 (full 0):
 garbage-first heap   total 80896K, used 15751K [0x0000000740000000, 0x00000007c0000000)
  region size 1024K, 1 young (1024K), 1 survivors (1024K)
 Metaspace       used 31536K, committed 31872K, reserved 1081344K
  class space    used 3904K, committed 4096K, reserved 1048576K
}
Event: 2.161 GC heap before
{Heap before GC invocations=7 (full 0):
 garbage-first heap   total 80896K, used 46471K [0x0000000740000000, 0x00000007c0000000)
  region size 1024K, 32 young (32768K), 1 survivors (1024K)
 Metaspace       used 35792K, committed 36096K, reserved 1081344K
  class space    used 4741K, committed 4928K, reserved 1048576K
}
Event: 2.166 GC heap after
{Heap after GC invocations=8 (full 0):
 garbage-first heap   total 80896K, used 23268K [0x0000000740000000, 0x00000007c0000000)
  region size 1024K, 5 young (5120K), 5 survivors (5120K)
 Metaspace       used 35792K, committed 36096K, reserved 1081344K
  class space    used 4741K, committed 4928K, reserved 1048576K
}
Event: 7.422 GC heap before
{Heap before GC invocations=9 (full 0):
 garbage-first heap   total 75776K, used 52964K [0x0000000740000000, 0x00000007c0000000)
  region size 1024K, 35 young (35840K), 5 survivors (5120K)
 Metaspace       used 38718K, committed 39040K, reserved 1089536K
  class space    used 5069K, committed 5184K, reserved 1048576K
}
Event: 7.428 GC heap after
{Heap after GC invocations=10 (full 0):
 garbage-first heap   total 75776K, used 26801K [0x0000000740000000, 0x00000007c0000000)
  region size 1024K, 4 young (4096K), 4 survivors (4096K)
 Metaspace       used 38718K, committed 39040K, reserved 1089536K
  class space    used 5069K, committed 5184K, reserved 1048576K
}
Event: 19.144 GC heap before
{Heap before GC invocations=10 (full 0):
 garbage-first heap   total 75776K, used 51377K [0x0000000740000000, 0x00000007c0000000)
  region size 1024K, 28 young (28672K), 4 survivors (4096K)
 Metaspace       used 38949K, committed 39296K, reserved 1089536K
  class space    used 5074K, committed 5248K, reserved 1048576K
}
Event: 19.150 GC heap after
{Heap after GC invocations=11 (full 0):
 garbage-first heap   total 75776K, used 28386K [0x0000000740000000, 0x00000007c0000000)
  region size 1024K, 3 young (3072K), 3 survivors (3072K)
 Metaspace       used 38949K, committed 39296K, reserved 1089536K
  class space    used 5074K, committed 5248K, reserved 1048576K
}
Event: 31.194 GC heap before
{Heap before GC invocations=11 (full 0):
 garbage-first heap   total 75776K, used 53986K [0x0000000740000000, 0x00000007c0000000)
  region size 1024K, 28 young (28672K), 3 survivors (3072K)
 Metaspace       used 39180K, committed 39488K, reserved 1089536K
  class space    used 5074K, committed 5248K, reserved 1048576K
}
Event: 31.197 GC heap after
{Heap after GC invocations=12 (full 0):
 garbage-first heap   total 75776K, used 28930K [0x0000000740000000, 0x00000007c0000000)
  region size 1024K, 3 young (3072K), 3 survivors (3072K)
 Metaspace       used 39180K, committed 39488K, reserved 1089536K
  class space    used 5074K, committed 5248K, reserved 1048576K
}
Event: 41.666 GC heap before
{Heap before GC invocations=12 (full 0):
 garbage-first heap   total 75776K, used 54530K [0x0000000740000000, 0x00000007c0000000)
  region size 1024K, 29 young (29696K), 3 survivors (3072K)
 Metaspace       used 39601K, committed 39936K, reserved 1089536K
  class space    used 5104K, committed 5312K, reserved 1048576K
}
Event: 41.673 GC heap after
{Heap after GC invocations=13 (full 0):
 garbage-first heap   total 75776K, used 31012K [0x0000000740000000, 0x00000007c0000000)
  region size 1024K, 4 young (4096K), 4 survivors (4096K)
 Metaspace       used 39601K, committed 39936K, reserved 1089536K
  class space    used 5104K, committed 5312K, reserved 1048576K
}
Event: 54.323 GC heap before
{Heap before GC invocations=13 (full 0):
 garbage-first heap   total 75776K, used 54564K [0x0000000740000000, 0x00000007c0000000)
  region size 1024K, 28 young (28672K), 4 survivors (4096K)
 Metaspace       used 39683K, committed 40064K, reserved 1089536K
  class space    used 5104K, committed 5312K, reserved 1048576K
}
Event: 54.329 GC heap after
{Heap after GC invocations=14 (full 0):
 garbage-first heap   total 75776K, used 31906K [0x0000000740000000, 0x00000007c0000000)
  region size 1024K, 3 young (3072K), 3 survivors (3072K)
 Metaspace       used 39683K, committed 40064K, reserved 1089536K
  class space    used 5104K, committed 5312K, reserved 1048576K
}
Event: 66.935 GC heap before
{Heap before GC invocations=14 (full 0):
 garbage-first heap   total 75776K, used 56482K [0x0000000740000000, 0x00000007c0000000)
  region size 1024K, 27 young (27648K), 3 survivors (3072K)
 Metaspace       used 39750K, committed 40128K, reserved 1089536K
  class space    used 5104K, committed 5312K, reserved 1048576K
}
Event: 66.938 GC heap after
{Heap after GC invocations=15 (full 0):
 garbage-first heap   total 75776K, used 32477K [0x0000000740000000, 0x00000007c0000000)
  region size 1024K, 3 young (3072K), 3 survivors (3072K)
 Metaspace       used 39750K, committed 40128K, reserved 1089536K
  class space    used 5104K, committed 5312K, reserved 1048576K
}
Event: 79.465 GC heap before
{Heap before GC invocations=15 (full 0):
 garbage-first heap   total 75776K, used 57053K [0x0000000740000000, 0x00000007c0000000)
  region size 1024K, 27 young (27648K), 3 survivors (3072K)
 Metaspace       used 39814K, committed 40192K, reserved 1089536K
  class space    used 5104K, committed 5312K, reserved 1048576K
}
Event: 79.469 GC heap after
{Heap after GC invocations=16 (full 0):
 garbage-first heap   total 75776K, used 33061K [0x0000000740000000, 0x00000007c0000000)
  region size 1024K, 3 young (3072K), 3 survivors (3072K)
 Metaspace       used 39814K, committed 40192K, reserved 1089536K
  class space    used 5104K, committed 5312K, reserved 1048576K
}
Event: 92.794 GC heap before
{Heap before GC invocations=16 (full 0):
 garbage-first heap   total 75776K, used 58661K [0x0000000740000000, 0x00000007c0000000)
  region size 1024K, 28 young (28672K), 3 survivors (3072K)
 Metaspace       used 39868K, committed 40256K, reserved 1089536K
  class space    used 5104K, committed 5312K, reserved 1048576K
}
Event: 92.797 GC heap after
{Heap after GC invocations=17 (full 0):
 garbage-first heap   total 75776K, used 33571K [0x0000000740000000, 0x00000007c0000000)
  region size 1024K, 3 young (3072K), 3 survivors (3072K)
 Metaspace       used 39868K, committed 40256K, reserved 1089536K
  class space    used 5104K, committed 5312K, reserved 1048576K
}

