# JRE version: OpenJDK Runtime Environment (17.0.2+8) (build 17.0.2+8-86)
# Java VM: OpenJDK 64-Bit Server VM (17.0.2+8-86, mixed mode, sharing, tiered, compressed oops, compressed class ptrs, g1 gc, bsd-aarch64)
GC Precious Log:
 CPUs: 8 total, 8 available
 Memory: 8192M
 Large Page Support: Disabled
 NUMA Support: Disabled
 Compressed Oops: Enabled (Zero based)
 Heap Region Size: 1M
 Heap Min Capacity: 8M
 Heap Initial Capacity: 128M
 Heap Max Capacity: 2G
 Pre-touch: Disabled
 Parallel Workers: 8
 Concurrent Workers: 2
 Concurrent Refinement Workers: 8
 Periodic GC: Disabled
Heap:
 garbage-first heap   total 78848K, used 38121K [0x0000000780000000, 0x0000000800000000)
  region size 1024K, 11 young (11264K), 1 survivors (1024K)
 Metaspace       used 26643K, committed 26944K, reserved 1073152K
  class space    used 3640K, committed 3776K, reserved 1048576K
GC Heap History (12 events):
Event: 0.592 GC heap before
{Heap before GC invocations=0 (full 0):
 garbage-first heap   total 133120K, used 24544K [0x0000000780000000, 0x0000000800000000)
  region size 1024K, 23 young (23552K), 0 survivors (0K)
 Metaspace       used 7393K, committed 7552K, reserved 1056768K
  class space    used 900K, committed 960K, reserved 1048576K
}
Event: 0.600 GC heap after
{Heap after GC invocations=1 (full 0):
 garbage-first heap   total 133120K, used 4806K [0x0000000780000000, 0x0000000800000000)
  region size 1024K, 3 young (3072K), 3 survivors (3072K)
 Metaspace       used 7393K, committed 7552K, reserved 1056768K
  class space    used 900K, committed 960K, reserved 1048576K
}
Event: 27.801 GC heap before
{Heap before GC invocations=1 (full 0):
 garbage-first heap   total 133120K, used 52934K [0x0000000780000000, 0x0000000800000000)
  region size 1024K, 41 young (41984K), 3 survivors (3072K)
 Metaspace       used 18049K, committed 18240K, reserved 1073152K
  class space    used 2332K, committed 2432K, reserved 1048576K
}
Event: 27.814 GC heap after
{Heap after GC invocations=2 (full 0):
 garbage-first heap   total 133120K, used 19097K [0x0000000780000000, 0x0000000800000000)
  region size 1024K, 6 young (6144K), 6 survivors (6144K)
 Metaspace       used 18049K, committed 18240K, reserved 1073152K
  class space    used 2332K, committed 2432K, reserved 1048576K
}
Event: 28.120 GC heap before
{Heap before GC invocations=2 (full 0):
 garbage-first heap   total 133120K, used 32409K [0x0000000780000000, 0x0000000800000000)
  region size 1024K, 20 young (20480K), 6 survivors (6144K)
 Metaspace       used 21272K, committed 21504K, reserved 1073152K
  class space    used 2998K, committed 3136K, reserved 1048576K
}
Event: 28.125 GC heap after
{Heap after GC invocations=3 (full 0):
 garbage-first heap   total 133120K, used 21074K [0x0000000780000000, 0x0000000800000000)
  region size 1024K, 5 young (5120K), 5 survivors (5120K)
 Metaspace       used 21272K, committed 21504K, reserved 1073152K
  class space    used 2998K, committed 3136K, reserved 1048576K
}
Event: 53.457 GC heap before
{Heap before GC invocations=4 (full 0):
 garbage-first heap   total 78848K, used 63058K [0x0000000780000000, 0x0000000800000000)
  region size 1024K, 36 young (36864K), 5 survivors (5120K)
 Metaspace       used 25466K, committed 25792K, reserved 1073152K
  class space    used 3541K, committed 3712K, reserved 1048576K
}
Event: 53.472 GC heap after
{Heap after GC invocations=5 (full 0):
 garbage-first heap   total 78848K, used 27705K [0x0000000780000000, 0x0000000800000000)
  region size 1024K, 6 young (6144K), 6 survivors (6144K)
 Metaspace       used 25466K, committed 25792K, reserved 1073152K
  class space    used 3541K, committed 3712K, reserved 1048576K
}
Event: 53.492 GC heap before
{Heap before GC invocations=5 (full 0):
 garbage-first heap   total 78848K, used 28729K [0x0000000780000000, 0x0000000800000000)
  region size 1024K, 7 young (7168K), 6 survivors (6144K)
 Metaspace       used 25585K, committed 25856K, reserved 1073152K
  class space    used 3550K, committed 3712K, reserved 1048576K
}
Event: 53.496 GC heap after
{Heap after GC invocations=6 (full 0):
 garbage-first heap   total 78848K, used 28281K [0x0000000780000000, 0x0000000800000000)
  region size 1024K, 1 young (1024K), 1 survivors (1024K)
 Metaspace       used 25585K, committed 25856K, reserved 1073152K
  class space    used 3550K, committed 3712K, reserved 1048576K
}
Event: 55.540 GC heap before
{Heap before GC invocations=6 (full 0):
 garbage-first heap   total 78848K, used 59001K [0x0000000780000000, 0x0000000800000000)
  region size 1024K, 29 young (29696K), 1 survivors (1024K)
 Metaspace       used 26069K, committed 26368K, reserved 1073152K
  class space    used 3550K, committed 3712K, reserved 1048576K
}
Event: 55.541 GC heap after
{Heap after GC invocations=7 (full 0):
 garbage-first heap   total 78848K, used 29929K [0x0000000780000000, 0x0000000800000000)
  region size 1024K, 1 young (1024K), 1 survivors (1024K)
 Metaspace       used 26069K, committed 26368K, reserved 1073152K
  class space    used 3550K, committed 3712K, reserved 1048576K
}

