# JRE version: OpenJDK Runtime Environment (17.0.2+8) (build 17.0.2+8-86)
# Java VM: OpenJDK 64-Bit Server VM (17.0.2+8-86, mixed mode, sharing, tiered, compressed oops, compressed class ptrs, g1 gc, bsd-aarch64)
GC Precious Log:
 CPUs: 8 total, 8 available
 Memory: 8192M
 Large Page Support: Disabled
 NUMA Support: Disabled
 Compressed Oops: Enabled (Zero based)
 Heap Region Size: 1M
 Heap Min Capacity: 8M
 Heap Initial Capacity: 128M
 Heap Max Capacity: 2G
 Pre-touch: Disabled
 Parallel Workers: 8
 Concurrent Workers: 2
 Concurrent Refinement Workers: 8
 Periodic GC: Disabled
Heap:
 garbage-first heap   total 81920K, used 41757K [0x0000000780000000, 0x0000000800000000)
  region size 1024K, 14 young (14336K), 3 survivors (3072K)
 Metaspace       used 27248K, committed 27520K, reserved 1073152K
  class space    used 3707K, committed 3840K, reserved 1048576K
GC Heap History (12 events):
Event: 1.265 GC heap before
{Heap before GC invocations=0 (full 0):
 garbage-first heap   total 133120K, used 23520K [0x0000000780000000, 0x0000000800000000)
  region size 1024K, 23 young (23552K), 0 survivors (0K)
 Metaspace       used 7326K, committed 7488K, reserved 1056768K
  class space    used 893K, committed 960K, reserved 1048576K
}
Event: 1.271 GC heap after
{Heap after GC invocations=1 (full 0):
 garbage-first heap   total 133120K, used 4420K [0x0000000780000000, 0x0000000800000000)
  region size 1024K, 3 young (3072K), 3 survivors (3072K)
 Metaspace       used 7326K, committed 7488K, reserved 1056768K
  class space    used 893K, committed 960K, reserved 1048576K
}
Event: 20.445 GC heap before
{Heap before GC invocations=1 (full 0):
 garbage-first heap   total 133120K, used 54596K [0x0000000780000000, 0x0000000800000000)
  region size 1024K, 43 young (44032K), 3 survivors (3072K)
 Metaspace       used 18614K, committed 18880K, reserved 1073152K
  class space    used 2429K, committed 2560K, reserved 1048576K
}
Event: 20.453 GC heap after
{Heap after GC invocations=2 (full 0):
 garbage-first heap   total 133120K, used 19608K [0x0000000780000000, 0x0000000800000000)
  region size 1024K, 6 young (6144K), 6 survivors (6144K)
 Metaspace       used 18614K, committed 18880K, reserved 1073152K
  class space    used 2429K, committed 2560K, reserved 1048576K
}
Event: 20.643 GC heap before
{Heap before GC invocations=2 (full 0):
 garbage-first heap   total 133120K, used 30872K [0x0000000780000000, 0x0000000800000000)
  region size 1024K, 18 young (18432K), 6 survivors (6144K)
 Metaspace       used 21284K, committed 21504K, reserved 1073152K
  class space    used 3011K, committed 3136K, reserved 1048576K
}
Event: 20.646 GC heap after
{Heap after GC invocations=3 (full 0):
 garbage-first heap   total 133120K, used 21148K [0x0000000780000000, 0x0000000800000000)
  region size 1024K, 5 young (5120K), 5 survivors (5120K)
 Metaspace       used 21284K, committed 21504K, reserved 1073152K
  class space    used 3011K, committed 3136K, reserved 1048576K
}
Event: 23.335 GC heap before
{Heap before GC invocations=4 (full 0):
 garbage-first heap   total 81920K, used 65180K [0x0000000780000000, 0x0000000800000000)
  region size 1024K, 38 young (38912K), 5 survivors (5120K)
 Metaspace       used 25722K, committed 25984K, reserved 1073152K
  class space    used 3631K, committed 3776K, reserved 1048576K
}
Event: 23.344 GC heap after
{Heap after GC invocations=5 (full 0):
 garbage-first heap   total 81920K, used 27770K [0x0000000780000000, 0x0000000800000000)
  region size 1024K, 9 young (9216K), 9 survivors (9216K)
 Metaspace       used 25722K, committed 25984K, reserved 1073152K
  class space    used 3631K, committed 3776K, reserved 1048576K
}
Event: 24.319 GC heap before
{Heap before GC invocations=5 (full 0):
 garbage-first heap   total 81920K, used 28794K [0x0000000780000000, 0x0000000800000000)
  region size 1024K, 10 young (10240K), 9 survivors (9216K)
 Metaspace       used 26031K, committed 26368K, reserved 1073152K
  class space    used 3652K, committed 3840K, reserved 1048576K
}
Event: 24.327 GC heap after
{Heap after GC invocations=6 (full 0):
 garbage-first heap   total 81920K, used 28529K [0x0000000780000000, 0x0000000800000000)
  region size 1024K, 2 young (2048K), 2 survivors (2048K)
 Metaspace       used 26031K, committed 26368K, reserved 1073152K
  class space    used 3652K, committed 3840K, reserved 1048576K
}
Event: 67.478 GC heap before
{Heap before GC invocations=6 (full 0):
 garbage-first heap   total 81920K, used 59249K [0x0000000780000000, 0x0000000800000000)
  region size 1024K, 32 young (32768K), 2 survivors (2048K)
 Metaspace       used 27132K, committed 27392K, reserved 1073152K
  class space    used 3707K, committed 3840K, reserved 1048576K
}
Event: 67.481 GC heap after
{Heap after GC invocations=7 (full 0):
 garbage-first heap   total 81920K, used 29469K [0x0000000780000000, 0x0000000800000000)
  region size 1024K, 3 young (3072K), 3 survivors (3072K)
 Metaspace       used 27132K, committed 27392K, reserved 1073152K
  class space    used 3707K, committed 3840K, reserved 1048576K
}

