# JRE version: OpenJDK Runtime Environment (17.0.2+8) (build 17.0.2+8-86)
# Java VM: OpenJDK 64-Bit Server VM (17.0.2+8-86, mixed mode, sharing, tiered, compressed oops, compressed class ptrs, g1 gc, bsd-aarch64)
GC Precious Log:
 CPUs: 8 total, 8 available
 Memory: 8192M
 Large Page Support: Disabled
 NUMA Support: Disabled
 Compressed Oops: Enabled (Zero based)
 Heap Region Size: 1M
 Heap Min Capacity: 8M
 Heap Initial Capacity: 128M
 Heap Max Capacity: 2G
 Pre-touch: Disabled
 Parallel Workers: 8
 Concurrent Workers: 2
 Concurrent Refinement Workers: 8
 Periodic GC: Disabled
Heap:
 garbage-first heap   total 78848K, used 54615K [0x0000000780000000, 0x0000000800000000)
  region size 1024K, 28 young (28672K), 5 survivors (5120K)
 Metaspace       used 24811K, committed 25152K, reserved 1073152K
  class space    used 3541K, committed 3712K, reserved 1048576K
GC Heap History (6 events):
Event: 1.171 GC heap before
{Heap before GC invocations=0 (full 0):
 garbage-first heap   total 133120K, used 23520K [0x0000000780000000, 0x0000000800000000)
  region size 1024K, 23 young (23552K), 0 survivors (0K)
 Metaspace       used 7324K, committed 7488K, reserved 1056768K
  class space    used 892K, committed 960K, reserved 1048576K
}
Event: 1.174 GC heap after
{Heap after GC invocations=1 (full 0):
 garbage-first heap   total 133120K, used 4395K [0x0000000780000000, 0x0000000800000000)
  region size 1024K, 3 young (3072K), 3 survivors (3072K)
 Metaspace       used 7324K, committed 7488K, reserved 1056768K
  class space    used 892K, committed 960K, reserved 1048576K
}
Event: 13.529 GC heap before
{Heap before GC invocations=1 (full 0):
 garbage-first heap   total 133120K, used 54571K [0x0000000780000000, 0x0000000800000000)
  region size 1024K, 43 young (44032K), 3 survivors (3072K)
 Metaspace       used 18694K, committed 18880K, reserved 1073152K
  class space    used 2442K, committed 2560K, reserved 1048576K
}
Event: 13.535 GC heap after
{Heap after GC invocations=2 (full 0):
 garbage-first heap   total 133120K, used 19225K [0x0000000780000000, 0x0000000800000000)
  region size 1024K, 6 young (6144K), 6 survivors (6144K)
 Metaspace       used 18694K, committed 18880K, reserved 1073152K
  class space    used 2442K, committed 2560K, reserved 1048576K
}
Event: 13.711 GC heap before
{Heap before GC invocations=2 (full 0):
 garbage-first heap   total 133120K, used 30489K [0x0000000780000000, 0x0000000800000000)
  region size 1024K, 18 young (18432K), 6 survivors (6144K)
 Metaspace       used 21241K, committed 21504K, reserved 1073152K
  class space    used 3000K, committed 3136K, reserved 1048576K
}
Event: 13.714 GC heap after
{Heap after GC invocations=3 (full 0):
 garbage-first heap   total 133120K, used 20823K [0x0000000780000000, 0x0000000800000000)
  region size 1024K, 5 young (5120K), 5 survivors (5120K)
 Metaspace       used 21241K, committed 21504K, reserved 1073152K
  class space    used 3000K, committed 3136K, reserved 1048576K
}

